<?xml version="1.0" encoding="UTF-8"?>
<!-- Generated by org.testng.reporters.JUnitReportReporter -->
<testsuite hostname="linn-VirtualBox" name="FinalProject.CalculatorTest" tests="1" failures="0" timestamp="14 Dec 2018 09:37:40 GMT" time="0.036" errors="0">
  <testcase name="test" time="0.036" classname="FinalProject.CalculatorTest"/>
</testsuite> <!-- FinalProject.CalculatorTest -->
